#
# There is insufficient memory for the Java Runtime Environment to continue.
# Native memory allocation (mmap) failed to map 134217728 bytes for Failed to commit area from 0x0000000081c00000 to 0x0000000089c00000 of length 134217728.
# Possible reasons:
#   The system is out of physical RAM or swap space
#   The process is running with CompressedOops enabled, and the Java Heap may be blocking the growth of the native heap
# Possible solutions:
#   Reduce memory load on the system
#   Increase physical memory or swap space
#   Check if swap backing store is full
#   Decrease Java heap size (-Xmx/-Xms)
#   Decrease number of Java threads
#   Decrease Java thread stack sizes (-Xss)
#   Set larger code cache with -XX:ReservedCodeCacheSize=
# This output file may be truncated or incomplete.
#
#  Out of Memory Error (./src/hotspot/os/windows/os_windows.cpp:3303), pid=3224, tid=9784
#
# JRE version:  (11.0.9+11) (build )
# Java VM: OpenJDK 64-Bit Server VM (11.0.9+11, mixed mode, sharing, tiered, compressed oops, g1 gc, windows-amd64)
# No core dump will be written. Minidumps are not enabled by default on client versions of Windows
#

---------------  S U M M A R Y ------------

Command Line: -Dclassworlds.conf=C:\Program Files\NetBeans-12.1\netbeans\java\maven\bin\..\bin\m2.conf -Dmaven.home=C:\Program Files\NetBeans-12.1\netbeans\java\maven\bin\.. -Dlibrary.jansi.path=C:\Program Files\NetBeans-12.1\netbeans\java\maven\bin\..\lib\jansi-native -Dmaven.multiModuleProjectDirectory=C:\Users\toni_\Koulu\reitinetsin\reitinhaku org.codehaus.plexus.classworlds.launcher.Launcher -Dexec.args=-classpath %classpath Main.Main -Dexec.executable=C:\Program Files\AdoptOpenJDK\jdk-11.0.9.11-hotspot\bin\java.exe -Dmaven.ext.class.path=C:\Program Files\NetBeans-12.1\netbeans\java\maven-nblib\netbeans-eventspy.jar -Dfile.encoding=UTF-8 process-classes org.codehaus.mojo:exec-maven-plugin:1.5.0:exec

Host: Intel(R) Core(TM) i7-7700HQ CPU @ 2.80GHz, 8 cores, 7G,  Windows 10 , 64 bit Build 18362 (10.0.18362.1110)
Time: Sun Dec 20 11:19:07 2020 FLE Standard Time elapsed time: 0.012325 seconds (0d 0h 0m 0s)

---------------  T H R E A D  ---------------

Current thread (0x00000214749a2000):  JavaThread "Unknown thread" [_thread_in_vm, id=9784, stack(0x00000016d5d00000,0x00000016d5e00000)]

Stack: [0x00000016d5d00000,0x00000016d5e00000]
Native frames: (J=compiled Java code, j=interpreted, Vv=VM code, C=native code)
V  [jvm.dll+0x5f465a]
V  [jvm.dll+0x77c78e]
V  [jvm.dll+0x77de5f]
V  [jvm.dll+0x77e523]
V  [jvm.dll+0x2477c8]
V  [jvm.dll+0x5f18ba]
V  [jvm.dll+0x5e6505]
V  [jvm.dll+0x2fca8c]
V  [jvm.dll+0x2fc912]
V  [jvm.dll+0x3015c6]
V  [jvm.dll+0x345e3f]
V  [jvm.dll+0x345870]
V  [jvm.dll+0x2d9ce8]
V  [jvm.dll+0x2dae36]
V  [jvm.dll+0x758137]
V  [jvm.dll+0x7598bf]
V  [jvm.dll+0x352c39]
V  [jvm.dll+0x73b3c0]
V  [jvm.dll+0x3ba30f]
V  [jvm.dll+0x3bc7b1]
C  [jli.dll+0x520b]
C  [ucrtbase.dll+0x210b2]
C  [KERNEL32.DLL+0x17c24]
C  [ntdll.dll+0x6d4d1]


---------------  P R O C E S S  ---------------

Threads class SMR info:
_java_thread_list=0x000002147481a710, length=0, elements={
}

Java Threads: ( => current thread )

Other Threads:
  0x00000214749ba000 GCTaskThread "GC Thread#0" [stack: 0x00000016d5e00000,0x00000016d5f00000] [id=9900]
  0x00000214749ec000 ConcurrentGCThread "G1 Main Marker" [stack: 0x00000016d5f00000,0x00000016d6000000] [id=4288]
  0x00000214749f0800 ConcurrentGCThread "G1 Conc#0" [stack: 0x00000016d6000000,0x00000016d6100000] [id=4964]

[error occurred during error reporting (printing all threads), id 0xc0000005, EXCEPTION_ACCESS_VIOLATION (0xc0000005) at pc=0x00007fffa9859367]

VM state:not at safepoint (not fully initialized)

VM Mutex/Monitor currently owned by a thread:  ([mutex/lock_event])
[0x000002147499e120] Heap_lock - owner thread: 0x00000214749a2000

Heap address: 0x0000000081c00000, size: 2020 MB, Compressed Oops mode: Non-zero based: 0x0000000081c00000
Narrow klass base: 0x0000000000000000, Narrow klass shift: 0

GC Heap History (0 events):
No events

Deoptimization events (0 events):
No events

Classes redefined (0 events):
No events

Internal exceptions (0 events):
No events

Events (1 events):
Event: 0.006 Loaded shared library C:\Program Files\AdoptOpenJDK\jdk-11.0.9.11-hotspot\bin\zip.dll


Dynamic libraries:
0x00007ff7bae40000 - 0x00007ff7bae4d000 	C:\Program Files\AdoptOpenJDK\jdk-11.0.9.11-hotspot\bin\java.exe
0x00007fffea3e0000 - 0x00007fffea5d0000 	C:\WINDOWS\SYSTEM32\ntdll.dll
0x00007fffe8680000 - 0x00007fffe8732000 	C:\WINDOWS\System32\KERNEL32.DLL
0x00007fffe73e0000 - 0x00007fffe7685000 	C:\WINDOWS\System32\KERNELBASE.dll
0x00007fffe7690000 - 0x00007fffe778a000 	C:\WINDOWS\System32\ucrtbase.dll
0x00007fffe2db0000 - 0x00007fffe2dc7000 	C:\Program Files\AdoptOpenJDK\jdk-11.0.9.11-hotspot\bin\jli.dll
0x00007fffa9550000 - 0x00007fffa9565000 	C:\Program Files\AdoptOpenJDK\jdk-11.0.9.11-hotspot\bin\VCRUNTIME140.dll
0x00007fffe9000000 - 0x00007fffe9194000 	C:\WINDOWS\System32\USER32.dll
0x00007fffe7900000 - 0x00007fffe7921000 	C:\WINDOWS\System32\win32u.dll
0x00007fffe6770000 - 0x00007fffe69f4000 	C:\WINDOWS\WinSxS\amd64_microsoft.windows.common-controls_6595b64144ccf1df_6.0.18362.1256_none_9e7e379be45e40e2\COMCTL32.dll
0x00007fffe8740000 - 0x00007fffe87de000 	C:\WINDOWS\System32\msvcrt.dll
0x00007fffe9450000 - 0x00007fffe9476000 	C:\WINDOWS\System32\GDI32.dll
0x00007fffe9b70000 - 0x00007fffe9ea6000 	C:\WINDOWS\System32\combase.dll
0x00007fffe80c0000 - 0x00007fffe8256000 	C:\WINDOWS\System32\gdi32full.dll
0x00007fffea010000 - 0x00007fffea130000 	C:\WINDOWS\System32\RPCRT4.dll
0x00007fffe7790000 - 0x00007fffe782e000 	C:\WINDOWS\System32\msvcp_win.dll
0x00007fffe8400000 - 0x00007fffe8481000 	C:\WINDOWS\System32\bcryptPrimitives.dll
0x00007fffea130000 - 0x00007fffea15e000 	C:\WINDOWS\System32\IMM32.DLL
0x00007fffa9030000 - 0x00007fffa90cb000 	C:\Program Files\AdoptOpenJDK\jdk-11.0.9.11-hotspot\bin\msvcp140.dll
0x00007fffa9570000 - 0x00007fffaa0b3000 	C:\Program Files\AdoptOpenJDK\jdk-11.0.9.11-hotspot\bin\server\jvm.dll
0x00007fffe85d0000 - 0x00007fffe8673000 	C:\WINDOWS\System32\ADVAPI32.dll
0x00007fffe95b0000 - 0x00007fffe9647000 	C:\WINDOWS\System32\sechost.dll
0x00007fffe91b0000 - 0x00007fffe91b8000 	C:\WINDOWS\System32\PSAPI.DLL
0x00007fffd8f30000 - 0x00007fffd8f39000 	C:\WINDOWS\SYSTEM32\WSOCK32.dll
0x00007fffe44c0000 - 0x00007fffe44e4000 	C:\WINDOWS\SYSTEM32\WINMM.dll
0x00007fffdf4e0000 - 0x00007fffdf4ea000 	C:\WINDOWS\SYSTEM32\VERSION.dll
0x00007fffea160000 - 0x00007fffea1cf000 	C:\WINDOWS\System32\WS2_32.dll
0x00007fffe4360000 - 0x00007fffe438d000 	C:\WINDOWS\SYSTEM32\winmmbase.dll
0x00007fffe83b0000 - 0x00007fffe83fa000 	C:\WINDOWS\System32\cfgmgr32.dll
0x00007fffe7290000 - 0x00007fffe72a1000 	C:\WINDOWS\System32\kernel.appcore.dll
0x00007fffd8e90000 - 0x00007fffd8ea0000 	C:\Program Files\AdoptOpenJDK\jdk-11.0.9.11-hotspot\bin\verify.dll
0x00007fffe6b20000 - 0x00007fffe6d14000 	C:\WINDOWS\SYSTEM32\DBGHELP.DLL
0x00007fffe6af0000 - 0x00007fffe6b1a000 	C:\WINDOWS\SYSTEM32\dbgcore.DLL
0x00007fffa94e0000 - 0x00007fffa9508000 	C:\Program Files\AdoptOpenJDK\jdk-11.0.9.11-hotspot\bin\java.dll
0x00007fffc95f0000 - 0x00007fffc95fa000 	C:\Program Files\AdoptOpenJDK\jdk-11.0.9.11-hotspot\bin\jimage.dll
0x00007fffa94c0000 - 0x00007fffa94d7000 	C:\Program Files\AdoptOpenJDK\jdk-11.0.9.11-hotspot\bin\zip.dll

dbghelp: loaded successfully - version: 4.0.5 - missing functions: none
symbol engine: initialized successfully - sym options: 0x614 - pdb path: .;C:\Program Files\AdoptOpenJDK\jdk-11.0.9.11-hotspot\bin;C:\WINDOWS\SYSTEM32;C:\WINDOWS\WinSxS\amd64_microsoft.windows.common-controls_6595b64144ccf1df_6.0.18362.1256_none_9e7e379be45e40e2;C:\Program Files\AdoptOpenJDK\jdk-11.0.9.11-hotspot\bin\server

VM Arguments:
jvm_args: -Dclassworlds.conf=C:\Program Files\NetBeans-12.1\netbeans\java\maven\bin\..\bin\m2.conf -Dmaven.home=C:\Program Files\NetBeans-12.1\netbeans\java\maven\bin\.. -Dlibrary.jansi.path=C:\Program Files\NetBeans-12.1\netbeans\java\maven\bin\..\lib\jansi-native -Dmaven.multiModuleProjectDirectory=C:\Users\toni_\Koulu\reitinetsin\reitinhaku 
java_command: org.codehaus.plexus.classworlds.launcher.Launcher -Dexec.args=-classpath %classpath Main.Main -Dexec.executable=C:\Program Files\AdoptOpenJDK\jdk-11.0.9.11-hotspot\bin\java.exe -Dmaven.ext.class.path=C:\Program Files\NetBeans-12.1\netbeans\java\maven-nblib\netbeans-eventspy.jar -Dfile.encoding=UTF-8 process-classes org.codehaus.mojo:exec-maven-plugin:1.5.0:exec
java_class_path (initial): C:\Program Files\NetBeans-12.1\netbeans\java\maven\bin\..\boot\plexus-classworlds-2.6.0.jar
Launcher Type: SUN_STANDARD

[Global flags]
     intx CICompilerCount                          = 4                                         {product} {ergonomic}
     uint ConcGCThreads                            = 2                                         {product} {ergonomic}
     uint G1ConcRefinementThreads                  = 8                                         {product} {ergonomic}
   size_t G1HeapRegionSize                         = 1048576                                   {product} {ergonomic}
    uintx GCDrainStackTargetSize                   = 64                                        {product} {ergonomic}
   size_t InitialHeapSize                          = 134217728                                 {product} {ergonomic}
   size_t MarkStackSize                            = 4194304                                   {product} {ergonomic}
   size_t MaxHeapSize                              = 2118123520                                {product} {ergonomic}
   size_t MinHeapDeltaBytes                        = 1048576                                   {product} {ergonomic}
    uintx NonNMethodCodeHeapSize                   = 5836300                                {pd product} {ergonomic}
    uintx NonProfiledCodeHeapSize                  = 122910970                              {pd product} {ergonomic}
    uintx ProfiledCodeHeapSize                     = 122910970                              {pd product} {ergonomic}
    uintx ReservedCodeCacheSize                    = 251658240                              {pd product} {ergonomic}
     bool SegmentedCodeCache                       = true                                      {product} {ergonomic}
     bool UseCompressedClassPointers               = true                                 {lp64_product} {ergonomic}
     bool UseCompressedOops                        = true                                 {lp64_product} {ergonomic}
     bool UseG1GC                                  = true                                      {product} {ergonomic}
     bool UseLargePagesIndividualAllocation        = false                                  {pd product} {ergonomic}

Logging:
Log output configuration:
 #0: stdout all=warning uptime,level,tags
 #1: stderr all=off uptime,level,tags

Environment Variables:
JAVA_HOME=C:\Program Files\AdoptOpenJDK\jdk-11.0.9.11-hotspot
PATH=C:\Program Files\AdoptOpenJDK\jdk-11.0.9.11-hotspot\bin;C:\Python38\Scripts\;C:\Python38\;C:\Program Files (x86)\Python37-32\Scripts;C:\Program Files (x86)\Python37-32\Scripts\;C:\Program Files (x86)\Python37-32\;C:\Program Files (x86)\Intel\iCLS Client\;C:\Program Files\Intel\iCLS Client\;C:\Windows\system32;C:\Windows;C:\Windows\System32\Wbem;C:\Windows\System32\WindowsPowerShell\v1.0\;C:\Program Files (x86)\Intel\Intel(R) Management Engine Components\DAL;C:\Program Files\Intel\Intel(R) Management Engine Components\DAL;C:\Program Files (x86)\Intel\Intel(R) Management Engine Components\IPT;C:\Program Files\Intel\Intel(R) Management Engine Components\IPT;C:\WINDOWS\system32;C:\WINDOWS;C:\WINDOWS\System32\Wbem;C:\WINDOWS\System32\WindowsPowerShell\v1.0\;C:\WINDOWS\System32\OpenSSH\;C:\Program Files (x86)\Streamlink\bin;C:\Program Files (x86)\\%PYTHON_HOME\Scripts\;C:\Program Files\AdoptOpenJDK\jdk-11.0.9.11-hotspot\\bin;C:\Program Files\Apassi Maven\apache-maven-3.6.0\bin;C:\Program Files\dotnet\;C:\ProgramData\chocolatey\bin;C:\Program Files\PuTTY\;C:\Program Files\Git\cmd;C:\Program Files\TortoiseGit\bin;C:\Program Files (x86)\NVIDIA Corporation\PhysX\Common;C:\Users\toni_\AppData\Roaming\local\bin;C:\Program Files\R\R-4.0.2\bin;C:\Program Files (x86)\Python\;C:\Users\toni_\AppData\Local\Microsoft\WindowsApps;C:\Users\toni_\AppData\Local\Programs\Microsoft VS Code\bin;C:\Program Files\heroku\bin;C:\Users\toni_\.dotnet\tools;C:\Users\toni_\AppData\Local\Microsoft\WindowsApps;C:\Program Files\MongoDB\Server\4.2\bin;C:\Program Files\MongoDB\Server\4.2\bin;C:\Users\toni_\AppData\Roaming\Python\Python38\Scripts;C:\Users\toni_\AppData\Roaming\cabal\bin;C:\ProgramData\chocolatey\lib\ghc\tools\ghc-8.10.2\bin;C:\tools\msys64;
USERNAME=toni_
OS=Windows_NT
PROCESSOR_IDENTIFIER=Intel64 Family 6 Model 158 Stepping 9, GenuineIntel



---------------  S Y S T E M  ---------------

OS: Windows 10 , 64 bit Build 18362 (10.0.18362.1110)
OS uptime: 0 days 1:30 hours

CPU:total 8 (initial active 8) (4 cores per cpu, 2 threads per core) family 6 model 158 stepping 9, cmov, cx8, fxsr, mmx, sse, sse2, sse3, ssse3, sse4.1, sse4.2, popcnt, avx, avx2, aes, clmul, erms, 3dnowpref, lzcnt, ht, tsc, tscinvbit, bmi1, bmi2, adx, fma

Memory: 4k page, system-wide physical 8075M (1871M free)
TotalPageFile size 32651M (AvailPageFile size 87M)
current process WorkingSet (physical memory assigned to process): 9M, peak: 9M
current process commit charge ("private bytes"): 60M, peak: 188M

vm_info: OpenJDK 64-Bit Server VM (11.0.9+11) for windows-amd64 JRE (11.0.9+11), built on Oct 24 2020 15:15:35 by "" with MS VC++ 15.9 (VS2017)

END.
